2018/01/14 19:32:49 - ================================================================================================
2018/01/14 19:32:49 - My Twitter Tweets
2018/01/14 19:32:50 - [Sun Jan 14 20:48:55 +0000 2018] Come On Man, Somebody's got to have the answer!
2018/01/14 19:32:50 - [Sun Jan 14 20:47:35 +0000 2018] Name that Tune: "thank you lord for thinking about me I'm alive and doing fine"
2018/01/14 19:33:08 - ================================================================================================
2018/01/14 19:33:08 - Spotify Song Info for 'Rapid Roy'
2018/01/14 19:33:09 - Artist:  Jim Croce
2018/01/14 19:33:09 - Album:   Photographs & Memories - His Greatest Hits
2018/01/14 19:33:09 - Title:   Rapid Roy [The Stock Car Boy]
2018/01/14 19:33:09 - Track:   4
2018/01/14 19:33:09 - Preview: https://p.scdn.co/mp3-preview/4314a10132580acdfe90ed6f1bc0f74b66a2ff5d?cid=c3e8c50fb2e64a79a3ca541381a19b0a
2018/01/14 19:33:31 - ================================================================================================
2018/01/14 19:33:31 - OMDB Movie Info for '2001: A Space Odyssey'
2018/01/14 19:33:31 - Title:    2001: A Space Odyssey
2018/01/14 19:33:31 - Year:     1968
2018/01/14 19:33:31 - Ratings:  Internet Movie Database:8.3/10; Rotten Tomatoes:94%; Metacritic:86/100
2018/01/14 19:33:31 - Rated:    G
2018/01/14 19:33:31 - Release:  12 May 1968
2018/01/14 19:33:31 - Runtime:  149 min
2018/01/14 19:33:31 - Genre:    Adventure, Sci-Fi
2018/01/14 19:33:31 - Country:  UK, USA
2018/01/14 19:33:31 - Language: English, Russian
2018/01/14 19:33:31 - Director: Stanley Kubrick
2018/01/14 19:33:31 - Writer:   Stanley Kubrick (screenplay), Arthur C. Clarke (screenplay)
2018/01/14 19:33:31 - Actors:   Keir Dullea, Gary Lockwood, William Sylvester, Daniel Richter
2018/01/14 19:33:31 - Poster:   https://images-na.ssl-images-amazon.com/images/M/MV5BMmNlYzRiNDctZWNhMi00MzI4LThkZTctMTUzMmZkMmFmNThmXkEyXkFqcGdeQXVyNzkwMjQ5NzM@._V1_SX300.jpg
2018/01/14 19:33:31 - Plot:     "2001" is a story of evolution. Sometime in the distant past, someone or something nudged evolution by placing a monolith on Earth (presumably elsewhere throughout the universe as well). Evolution then enabled humankind to reach the moon's surface, where yet another monolith is found, one that signals the monolith placers that humankind has evolved that far. Now a race begins between computers (HAL) and human (Bowman) to reach the monolith placers. The winner will achieve the next step in evolution, whatever that may be.
2018/01/14 19:33:53 - ================================================================================================
2018/01/14 19:33:53 - do-what-it-says in Random.txt
2018/01/14 19:33:53 - ================================================================================================
2018/01/14 19:33:53 - Spotify Song Info for '"Bad Bad Leroy Brown"'
2018/01/14 19:33:54 - Artist:  Jim Croce
2018/01/14 19:33:54 - Album:   Photographs & Memories - His Greatest Hits
2018/01/14 19:33:54 - Title:   Bad, Bad Leroy Brown
2018/01/14 19:33:54 - Track:   1
2018/01/14 19:33:54 - Preview: https://p.scdn.co/mp3-preview/61903380c8e8a6f4944fb14cf5defd910e209c7a?cid=c3e8c50fb2e64a79a3ca541381a19b0a
2018/01/14 19:35:26 - ================================================================================================
2018/01/14 19:35:26 - Unknown Command:
C:\Program Files\nodejs\node.exe,C:\Users\bob2n\OneDrive\Documents\GitHub\liriBot\liri